Arguments: 
  C:\Program Files\nodejs\node.exe C:\Program Files\nodejs\node_modules\yarn\bin\yarn.js add yarn global add xzt-tools

PATH: 
  C:\Users\zhangrongjie\bin;C:\Program Files\Git\mingw64\bin;C:\Program Files\Git\usr\local\bin;C:\Program Files\Git\usr\bin;C:\Program Files\Git\usr\bin;C:\Program Files\Git\mingw64\bin;C:\Program Files\Git\usr\bin;C:\Users\zhangrongjie\bin;C:\Windows\system32;C:\Windows;C:\Windows\System32\Wbem;C:\Windows\System32\WindowsPowerShell\v1.0;C:\Windows\System32\OpenSSH;C:\Program Files\Git\cmd;C:\Users\zhangrongjie\AppData\Roaming\nvm;C:\Program Files\nodejs;C:\Users\zhangrongjie\AppData\Local\Yarn\Data\global\node_modules\.bin;C:\Program Files (x86)\Tencent\微信web开发者工具\dll;C:\Program Files\Docker\Docker\resources\bin;C:\ProgramData\DockerDesktop\version-bin;C:\Users\zhangrongjie\AppData\Local\Microsoft\WindowsApps;C:\Users\zhangrongjie\AppData\Local\Programs\Microsoft VS Code\bin;C:\Users\zhangrongjie\AppData\Local\GitHubDesktop\bin;C:\Program Files\Git\usr\bin\vendor_perl;C:\Program Files\Git\usr\bin\core_perl

Yarn version: 
  1.22.18

Node version: 
  13.14.0

Platform: 
  win32 x64

Trace: 
  Error: https://registry.npm.taobao.org/xzt-tools: [NOT_FOUND] xzt-tools not found
      at Request.params.callback [as _callback] (C:\Users\zhangrongjie\AppData\Roaming\nvm\v13.14.0\node_modules\yarn\lib\cli.js:66138:18)
      at Request.self.callback (C:\Users\zhangrongjie\AppData\Roaming\nvm\v13.14.0\node_modules\yarn\lib\cli.js:140883:22)
      at Request.emit (events.js:315:20)
      at Request.<anonymous> (C:\Users\zhangrongjie\AppData\Roaming\nvm\v13.14.0\node_modules\yarn\lib\cli.js:141855:10)
      at Request.emit (events.js:315:20)
      at Gunzip.<anonymous> (C:\Users\zhangrongjie\AppData\Roaming\nvm\v13.14.0\node_modules\yarn\lib\cli.js:141777:12)
      at Object.onceWrapper (events.js:421:28)
      at Gunzip.emit (events.js:327:22)
      at endReadableNT (_stream_readable.js:1201:12)
      at processTicksAndRejections (internal/process/task_queues.js:84:21)

npm manifest: 
  {
    "name": "xzt-tools",
    "version": "0.0.4",
    "main": "index.js",
    "repository": "https://github.com/baozoudashijian/XZ_Iverson.git",
    "author": "Roger Zhang <zhangrongjie01@dfwsgroup.com>",
    "license": "MIT",
    "dependencies": {
      "commander": "^9.2.0"
    },
    "bin": {
      "xzt": "./cli.js"
    },
    "files": [
      "./cli.js",
      "./index.js"
    ]
  }

yarn manifest: 
  No manifest

Lockfile: 
  # THIS IS AN AUTOGENERATED FILE. DO NOT EDIT THIS FILE DIRECTLY.
  # yarn lockfile v1
  
  
  commander@^9.2.0:
    version "9.2.0"
    resolved "https://registry.npmmirror.com/commander/-/commander-9.2.0.tgz#6e21014b2ed90d8b7c9647230d8b7a94a4a419a9"
    integrity sha512-e2i4wANQiSXgnrBlIatyHtP1odfUp0BbV5Y5nEGbxtIrStkEOAAzCUirvLBNXHLr7kwLvJl6V+4V3XV9x7Wd9w==
